InstagramLiker/proguard/seeds.txt
com.instaliker.instafollower.MainActivity
com.instaliker.instafollower.MainActivity: MainActivity()
com.instaliker.instafollower.R$anim: int bottom_to_top
com.instaliker.instafollower.R$anim: int fade_in
com.instaliker.instafollower.R$anim: int fade_out
com.instaliker.instafollower.R$anim: int left_to_right_in
com.instaliker.instafollower.R$anim: int left_to_right_out
com.instaliker.instafollower.R$anim: int right_to_left_in
com.instaliker.instafollower.R$anim: int right_to_left_out
com.instaliker.instafollower.R$anim: int tivi_close
com.instaliker.instafollower.R$anim: int tivi_open
com.instaliker.instafollower.R$anim: int top_to_bottom
com.instaliker.instafollower.R$anim: int zoom_in
com.instaliker.instafollower.R$attr: int adSize
com.instaliker.instafollower.R$attr: int adSizes
com.instaliker.instafollower.R$attr: int adUnitId
com.instaliker.instafollower.R$attr: int appTheme
com.instaliker.instafollower.R$attr: int buyButtonAppearance
com.instaliker.instafollower.R$attr: int buyButtonHeight
com.instaliker.instafollower.R$attr: int buyButtonText
com.instaliker.instafollower.R$attr: int buyButtonWidth
com.instaliker.instafollower.R$attr: int cameraBearing
com.instaliker.instafollower.R$attr: int cameraTargetLat
com.instaliker.instafollower.R$attr: int cameraTargetLng
com.instaliker.instafollower.R$attr: int cameraTilt
com.instaliker.instafollower.R$attr: int cameraZoom
com.instaliker.instafollower.R$attr: int circleCrop
com.instaliker.instafollower.R$attr: int environment
com.instaliker.instafollower.R$attr: int fragmentMode
com.instaliker.instafollower.R$attr: int fragmentStyle
com.instaliker.instafollower.R$attr: int imageAspectRatio
com.instaliker.instafollower.R$attr: int imageAspectRatioAdjust
com.instaliker.instafollower.R$attr: int liteMode
com.instaliker.instafollower.R$attr: int mapType
com.instaliker.instafollower.R$attr: int maskedWalletDetailsBackground
com.instaliker.instafollower.R$attr: int maskedWalletDetailsButtonBackground
com.instaliker.instafollower.R$attr: int maskedWalletDetailsButtonTextAppearance
com.instaliker.instafollower.R$attr: int maskedWalletDetailsHeaderTextAppearance
com.instaliker.instafollower.R$color: int common_action_bar_splitter
com.instaliker.instafollower.R$color: int common_signin_btn_dark_text_default
com.instaliker.instafollower.R$color: int common_signin_btn_dark_text_disabled
com.instaliker.instafollower.R$color: int common_signin_btn_dark_text_focused
com.instaliker.instafollower.R$color: int common_signin_btn_dark_text_pressed
com.instaliker.instafollower.R$color: int common_signin_btn_default_background
com.instaliker.instafollower.R$color: int common_signin_btn_light_text_default
com.instaliker.instafollower.R$color: int common_signin_btn_light_text_disabled
com.instaliker.instafollower.R$color: int common_signin_btn_light_text_focused
com.instaliker.instafollower.R$color: int common_signin_btn_light_text_pressed
com.instaliker.instafollower.R$color: int common_signin_btn_text_dark
com.instaliker.instafollower.R$color: int common_signin_btn_text_light
com.instaliker.instafollower.R$color: int wallet_bright_foreground_disabled_holo_light
com.instaliker.instafollower.R$color: int wallet_bright_foreground_holo_dark
com.instaliker.instafollower.R$color: int wallet_bright_foreground_holo_light
com.instaliker.instafollower.R$color: int wallet_dim_foreground_disabled_holo_dark
com.instaliker.instafollower.R$color: int wallet_dim_foreground_holo_dark
com.instaliker.instafollower.R$color: int wallet_dim_foreground_inverse_disabled_holo_dark
com.instaliker.instafollower.R$color: int wallet_dim_foreground_inverse_holo_dark
com.instaliker.instafollower.R$dimen: int activity_horizontal_margin
com.instaliker.instafollower.R$dimen: int activity_vertical_margin
...
com.google.android.gms.wallet.Address
com.google.android.gms.wallet.Address: android.os.Parcelable$Creator CREATOR
com.google.android.gms.wallet.Cart
com.google.android.gms.wallet.Cart: android.os.Parcelable$Creator CREATOR
com.google.android.gms.wallet.CountrySpecification
com.google.android.gms.wallet.CountrySpecification: android.os.Parcelable$Creator CREATOR
com.google.android.gms.wallet.FullWallet
com.google.android.gms.wallet.FullWallet: android.os.Parcelable$Creator CREATOR
com.google.android.gms.wallet.FullWalletRequest
com.google.android.gms.wallet.FullWalletRequest: android.os.Parcelable$Creator CREATOR
com.google.android.gms.wallet.GiftCardWalletObject
com.google.android.gms.wallet.GiftCardWalletObject: android.os.Parcelable$Creator CREATOR
com.google.android.gms.wallet.InstrumentInfo
com.google.android.gms.wallet.InstrumentInfo: android.os.Parcelable$Creator CREATOR
com.google.android.gms.wallet.LineItem
com.google.android.gms.wallet.LineItem: android.os.Parcelable$Creator CREATOR
com.google.android.gms.wallet.LoyaltyWalletObject
com.google.android.gms.wallet.LoyaltyWalletObject: android.os.Parcelable$Creator CREATOR
com.google.android.gms.wallet.MaskedWallet
com.google.android.gms.wallet.MaskedWallet: android.os.Parcelable$Creator CREATOR
com.google.android.gms.wallet.MaskedWalletRequest
com.google.android.gms.wallet.MaskedWalletRequest: android.os.Parcelable$Creator CREATOR
com.google.android.gms.wallet.NotifyTransactionStatusRequest
com.google.android.gms.wallet.NotifyTransactionStatusRequest: android.os.Parcelable$Creator CREATOR
com.google.android.gms.wallet.OfferWalletObject
com.google.android.gms.wallet.OfferWalletObject: android.os.Parcelable$Creator CREATOR
com.google.android.gms.wallet.ProxyCard
com.google.android.gms.wallet.ProxyCard: android.os.Parcelable$Creator CREATOR
com.google.android.gms.wallet.fragment.WalletFragmentInitParams
com.google.android.gms.wallet.fragment.WalletFragmentInitParams: android.os.Parcelable$Creator CREATOR
com.google.android.gms.wallet.fragment.WalletFragmentOptions
com.google.android.gms.wallet.fragment.WalletFragmentOptions: android.os.Parcelable$Creator CREATOR
com.google.android.gms.wallet.fragment.WalletFragmentStyle
com.google.android.gms.wallet.fragment.WalletFragmentStyle: android.os.Parcelable$Creator CREATOR
com.google.android.gms.wallet.wobs.CommonWalletObject
com.google.android.gms.wallet.wobs.CommonWalletObject: android.os.Parcelable$Creator CREATOR
com.google.android.gms.wallet.wobs.zzb
com.google.android.gms.wallet.wobs.zzb: android.os.Parcelable$Creator CREATOR
com.google.android.gms.wallet.wobs.zzd
com.google.android.gms.wallet.wobs.zzd: android.os.Parcelable$Creator CREATOR
com.google.android.gms.wallet.wobs.zzf
com.google.android.gms.wallet.wobs.zzf: android.os.Parcelable$Creator CREATOR
com.google.android.gms.wallet.wobs.zzg
com.google.android.gms.wallet.wobs.zzg: android.os.Parcelable$Creator CREATOR
com.google.android.gms.wallet.wobs.zzj
com.google.android.gms.wallet.wobs.zzj: android.os.Parcelable$Creator CREATOR
com.google.android.gms.wallet.wobs.zzl
com.google.android.gms.wallet.wobs.zzl: android.os.Parcelable$Creator CREATOR
com.google.android.gms.wallet.wobs.zzn
com.google.android.gms.wallet.wobs.zzn: android.os.Parcelable$Creator CREATOR
com.google.android.gms.wallet.wobs.zzp
com.google.android.gms.wallet.wobs.zzp: android.os.Parcelable$Creator CREATOR
com.google.android.gms.wallet.zzd
com.google.android.gms.wallet.zzd: android.os.Parcelable$Creator CREATOR
com.google.android.gms.wearable.Asset
com.google.android.gms.wearable.Asset: android.os.Parcelable$Creator CREATOR
com.google.android.gms.wearable.PutDataRequest
com.google.android.gms.wearable.PutDataRequest: android.os.Parcelable$Creator CREATOR
com.google.android.gms.wearable.internal.DataItemAssetParcelable
com.google.android.gms.wearable.internal.DataItemAssetParcelable: android.os.Parcelable$Creator CREATOR