InstagramLiker/proguard/mapping.txt
com.instaliker.instafollower.DialogLogin -> com.instaliker.instafollower.a:
    android.content.Context mContext -> a
    com.instaliker.instafollower.DialogLogin$OnLoginListener mOnLoginListener -> b
    android.app.Dialog mDialog -> c
    android.app.ProgressDialog mProgressDialog -> d
    boolean clickSignInButton -> e
    boolean loginWebviewSuccessful -> f
    47:52:void checkAccessToken() -> a
    58:86:void showDialogWelcome() -> b
    92:125:void getClientId() -> c
    132:191:void showDialogLogin() -> d
    197:245:void getAccessToken(java.lang.String) -> a
    251:284:void addUser() -> e
    290:327:void getUserInfo() -> f
com.instaliker.instafollower.DialogLogin$1 -> com.instaliker.instafollower.a$1:
    com.instaliker.instafollower.DialogLogin this$0 -> a
    android.app.Dialog val$dialog -> b
    69:72:void onClick(android.view.View) -> onClick
com.instaliker.instafollower.DialogLogin$2 -> com.instaliker.instafollower.a$2:
    com.instaliker.instafollower.DialogLogin this$0 -> a
    79:82:void onDismiss(android.content.DialogInterface) -> onDismiss
com.instaliker.instafollower.DialogLogin$3 -> com.instaliker.instafollower.a$3:
    com.instaliker.instafollower.DialogLogin this$0 -> a
    99:123:void run() -> run
    95:95:com.instaliker.instafollower.DialogLogin access$0(com.instaliker.instafollower.DialogLogin$3) -> a
com.instaliker.instafollower.DialogLogin$3$1 -> com.instaliker.instafollower.a$3$1:
    com.instaliker.instafollower.DialogLogin$3 this$1 -> a
    java.lang.String val$apiResponse -> b
    105:121:void run() -> run
com.instaliker.instafollower.DialogLogin$4 -> com.instaliker.instafollower.a$4:
    com.instaliker.instafollower.DialogLogin this$0 -> a
    145:147:void onPageStarted(android.webkit.WebView,java.lang.String,android.graphics.Bitmap) -> onPageStarted
    152:161:boolean shouldOverrideUrlLoading(android.webkit.WebView,java.lang.String) -> shouldOverrideUrlLoading
    167:169:void onPageFinished(android.webkit.WebView,java.lang.String) -> onPageFinished
com.instaliker.instafollower.DialogLogin$5 -> com.instaliker.instafollower.a$5:
    com.instaliker.instafollower.DialogLogin this$0 -> a
    184:187:void onDismiss(android.content.DialogInterface) -> onDismiss
com.instaliker.instafollower.DialogLogin$6 -> com.instaliker.instafollower.a$6:
    com.instaliker.instafollower.DialogLogin this$0 -> a
    java.lang.String val$code -> b
    204:243:void run() -> run
    200:200:com.instaliker.instafollower.DialogLogin access$0(com.instaliker.instafollower.DialogLogin$6) -> a
com.instaliker.instafollower.DialogLogin$6$1 -> com.instaliker.instafollower.a$6$1:
    com.instaliker.instafollower.DialogLogin$6 this$1 -> a
    java.lang.String val$apiResponse -> b
    216:241:void run() -> run
com.instaliker.instafollower.DialogLogin$7 -> com.instaliker.instafollower.a$7:
    com.instaliker.instafollower.DialogLogin this$0 -> a
    258:282:void run() -> run
    254:254:com.instaliker.instafollower.DialogLogin access$0(com.instaliker.instafollower.DialogLogin$7) -> a
com.instaliker.instafollower.DialogLogin$7$1 -> com.instaliker.instafollower.a$7$1:
    com.instaliker.instafollower.DialogLogin$7 this$1 -> a
    java.lang.String val$apiResponse -> b
    273:280:void run() -> run
com.instaliker.instafollower.DialogLogin$8 -> com.instaliker.instafollower.a$8:
    com.instaliker.instafollower.DialogLogin this$0 -> a
    296:325:void run() -> run
    292:292:com.instaliker.instafollower.DialogLogin access$0(com.instaliker.instafollower.DialogLogin$8) -> a
com.instaliker.instafollower.DialogLogin$8$1 -> com.instaliker.instafollower.a$8$1:
    com.instaliker.instafollower.DialogLogin$8 this$1 -> a
    java.lang.String val$apiResponse -> b
    304:323:void run() -> run
com.instaliker.instafollower.DialogLogin$OnLoginListener -> com.instaliker.instafollower.a$a:
    void onLoginSuccessful(java.lang.String) -> a
...
com.ironsource.mobilcore.d -> com.ironsource.mobilcore.d:
    boolean a -> a
    com.ironsource.mobilcore.CallbackResponse d -> d
    java.lang.String e -> e
    java.lang.String f -> f
    android.app.Dialog g -> g
    42:76:void a() -> a
    80:91:void a(android.webkit.WebView) -> a
    20:20:com.ironsource.mobilcore.CallbackResponse a(com.ironsource.mobilcore.d) -> a
    20:20:android.app.Dialog b(com.ironsource.mobilcore.d) -> b
com.ironsource.mobilcore.d$1 -> com.ironsource.mobilcore.d$1:
    com.ironsource.mobilcore.d a -> a
    63:67:void onCancel(android.content.DialogInterface) -> onCancel
com.ironsource.mobilcore.d$2 -> com.ironsource.mobilcore.d$2:
    com.ironsource.mobilcore.d a -> a
    73:74:void onDismiss(android.content.DialogInterface) -> onDismiss
com.ironsource.mobilcore.d$3 -> com.ironsource.mobilcore.d$3:
    com.ironsource.mobilcore.d a -> a
    111:112:void onPageStarted(android.webkit.WebView,java.lang.String,android.graphics.Bitmap) -> onPageStarted
    116:140:boolean shouldOverrideUrlLoading(android.webkit.WebView,java.lang.String) -> shouldOverrideUrlLoading
com.ironsource.mobilcore.e -> com.ironsource.mobilcore.e:
com.ironsource.mobilcore.e$a -> com.ironsource.mobilcore.e$a:
    187:210:boolean a(org.json.JSONObject) -> a
    253:288:void a(org.json.JSONObject,org.json.JSONArray) -> a
    321:344:boolean a(org.apache.http.HttpEntity) -> a
com.ironsource.mobilcore.e$b -> com.ironsource.mobilcore.e$b:
    com.ironsource.mobilcore.au a -> a
    153:162:boolean a(org.apache.http.HttpEntity) -> a
com.ironsource.mobilcore.e$b$1 -> com.ironsource.mobilcore.e$b$1:
    com.ironsource.mobilcore.e$b a -> a
    169:172:void run() -> run
com.ironsource.mobilcore.e$c -> com.ironsource.mobilcore.e$c:
    com.ironsource.mobilcore.ar$c a -> a
    31:37:boolean a(org.apache.http.HttpEntity) -> a
    43:43:void a(int) -> a
    48:48:void a(java.lang.Exception) -> a
com.ironsource.mobilcore.e$d -> com.ironsource.mobilcore.e$d:
    java.lang.String b -> b
    java.lang.String c -> c
    com.ironsource.mobilcore.ar$b d -> d
    66:73:java.io.File b(org.apache.http.HttpEntity) -> b
    78:95:java.io.File a(java.io.InputStream) -> a
    100:104:boolean a(org.apache.http.HttpEntity) -> a
    110:113:void a(int) -> a
    118:121:void a(java.lang.Exception) -> a
com.ironsource.mobilcore.e$e -> com.ironsource.mobilcore.e$e:
    133:138:boolean a(org.apache.http.HttpEntity) -> a
com.ironsource.mobilcore.f -> com.ironsource.mobilcore.f:
    com.ironsource.mobilcore.f a -> a
    android.content.Context b -> b
    21:24:com.ironsource.mobilcore.f a() -> a
    32:33:void a(android.content.Context) -> a
    36:58:void a(java.lang.String,java.lang.String,java.lang.String,java.lang.String,java.lang.String,long,boolean,java.lang.String) -> a
    61:61:boolean a(java.lang.String) -> a
com.ironsource.mobilcore.g -> com.ironsource.mobilcore.g:
    java.lang.String a -> a
    java.lang.String b -> b
    java.lang.String c -> c
    java.lang.String d -> d
    java.lang.String e -> e
    android.app.NotificationManager f -> f
    int g -> g
    int h -> h
    android.app.Notification$Builder i -> i
    android.app.Notification j -> j
    android.content.Context k -> k
    int l -> l
    android.app.DownloadManager m -> m
    java.lang.String n -> n
    java.lang.String o -> o
    165:185:void a(java.lang.String,java.lang.String,java.lang.String,java.lang.String,java.lang.String,long,java.lang.String) -> a
    235:333:void a(java.lang.String,java.lang.String,java.lang.String,java.lang.String,java.lang.String,boolean) -> a
    338:345:java.lang.String a(java.lang.String) -> a
    372:423:void a(java.lang.String,java.lang.String,android.graphics.Bitmap) -> a
    459:468:void a(java.lang.String,java.lang.String) -> a