InstagramLiker/proguard/usage.txt
com.instaliker.instafollower.BuildConfig
com.instaliker.instafollower.DialogLogin:
    public static final java.lang.String CALLBACK
com.instaliker.instafollower.FragmentBuyFollowers:
    public static final int FOLLWER_PRICE
com.instaliker.instafollower.FragmentBuyLikes:
    public static final int LIKE_PRICE
com.instaliker.instafollower.FragmentGetCoins:
    742:786:public void renewClientId()
    805:815:public void reportClientIDError()
com.instaliker.instafollower.FragmentGetCoins$17
com.instaliker.instafollower.FragmentGetCoins$17$1
com.instaliker.instafollower.FragmentGetCoins$18
com.instaliker.instafollower.FragmentGetCoins$OnReachAPILimitListener:
    public abstract void onReached()
com.instaliker.instafollower.MCrypt
com.instaliker.instafollower.MainActivity$6:
    329:335:public void onReached()
com.instaliker.instafollower.Manifest
com.instaliker.instafollower.Manifest$permission
com.instaliker.instafollower.NameSpace
com.instaliker.instafollower.R
com.instaliker.instafollower.R$anim
com.instaliker.instafollower.R$attr
com.instaliker.instafollower.R$color
com.instaliker.instafollower.R$dimen
com.instaliker.instafollower.R$drawable
com.instaliker.instafollower.R$id
com.instaliker.instafollower.R$integer
com.instaliker.instafollower.R$layout
com.instaliker.instafollower.R$menu
com.instaliker.instafollower.R$raw
com.instaliker.instafollower.R$string
com.instaliker.instafollower.R$style
com.instaliker.instafollower.R$styleable
com.instaliker.instafollower.Util:
    9:9:public Util()
...
com.google.tagmanager.CustomFunctionCall$CustomEvaluator
com.google.tagmanager.DataLayer
com.google.tagmanager.DataLayer$Listener
com.google.tagmanager.DataLayerEventEvaluationInfoBuilder
com.google.tagmanager.DataLayerMacro
com.google.tagmanager.DebugDataLayerEventEvaluationInfoBuilder
com.google.tagmanager.DebugEventInfoBuilder
com.google.tagmanager.DebugEventInfoDistributor
com.google.tagmanager.DebugInformationHandler
com.google.tagmanager.DebugMacroEvaluationInfoBuilder
com.google.tagmanager.DebugResolvedFunctionCallBuilder
com.google.tagmanager.DebugResolvedPropertyBuilder
com.google.tagmanager.DebugResolvedRuleBuilder
com.google.tagmanager.DebugResolvedRuleBuilder$DebugResolvedFunctionCallListTranslator
com.google.tagmanager.DebugRuleEvaluationStepInfoBuilder
com.google.tagmanager.DebugValueBuilder
com.google.tagmanager.DebugValueBuilder$TypeMismatchException
com.google.tagmanager.DefaultLogger
com.google.tagmanager.DelayedHitSender
com.google.tagmanager.DeviceIdMacro
com.google.tagmanager.DeviceNameMacro
com.google.tagmanager.Dispatcher
com.google.tagmanager.EncodeMacro
com.google.tagmanager.EndsWithPredicate
com.google.tagmanager.EqualsPredicate
com.google.tagmanager.EventEvaluator
com.google.tagmanager.EventInfoBuilder
com.google.tagmanager.EventInfoDistributor
com.google.tagmanager.EventMacro
com.google.tagmanager.FunctionCallImplementation
com.google.tagmanager.FutureApis
com.google.tagmanager.GreaterEqualsPredicate
com.google.tagmanager.GreaterThanPredicate
com.google.tagmanager.GtmVersionMacro
com.google.tagmanager.HashMacro
com.google.tagmanager.Hit
com.google.tagmanager.HitSender
com.google.tagmanager.HitSendingConstants
com.google.tagmanager.HitSendingThread
com.google.tagmanager.HitSendingThreadImpl
com.google.tagmanager.HitSendingThreadImpl$1
com.google.tagmanager.HitStore
com.google.tagmanager.HitStoreStateListener
com.google.tagmanager.HttpNetworkClient
com.google.tagmanager.HttpUrlConnectionNetworkClient
com.google.tagmanager.InstallReferrerMacro
com.google.tagmanager.InstallReferrerReceiver
com.google.tagmanager.InstallReferrerService
com.google.tagmanager.InstallReferrerUtil
com.google.tagmanager.JoinerMacro
com.google.tagmanager.JoinerMacro$1
com.google.tagmanager.JoinerMacro$EscapeType
com.google.tagmanager.JsonUtils
com.google.tagmanager.LRUCache
com.google.tagmanager.LRUCache$1
com.google.tagmanager.LanguageMacro
com.google.tagmanager.LessEqualsPredicate
com.google.tagmanager.LessThanPredicate
com.google.tagmanager.LoadCallback
com.google.tagmanager.LoadCallback$Failure
com.google.tagmanager.Log
com.google.tagmanager.Logger
com.google.tagmanager.Logger$LogLevel
com.google.tagmanager.MacroEvaluationInfoBuilder
com.google.tagmanager.MobileAdwordsUniqueIdMacro
com.google.tagmanager.NetworkClient
com.google.tagmanager.NetworkClientFactory
com.google.tagmanager.NetworkReceiver
com.google.tagmanager.NoOpLogger
com.google.tagmanager.NoopDataLayerEventEvaluationInfoBuilder
com.google.tagmanager.NoopEventInfoBuilder
com.google.tagmanager.NoopEventInfoDistributor
com.google.tagmanager.NoopMacroEvaluationInfoBuilder
com.google.tagmanager.NoopResolvedFunctionCallBuilder
com.google.tagmanager.NoopResolvedPropertyBuilder
com.google.tagmanager.NoopResolvedRuleBuilder
com.google.tagmanager.NoopResolvedRuleBuilder$NoopResolvedFunctionCallTranslatorList
com.google.tagmanager.NoopRuleEvaluationStepInfoBuilder
com.google.tagmanager.NoopValueBuilder
com.google.tagmanager.NumberPredicate
com.google.tagmanager.ObjectAndStatic
com.google.tagmanager.OsVersionMacro
com.google.tagmanager.PersistentHitStore
com.google.tagmanager.PersistentHitStore$1
com.google.tagmanager.PersistentHitStore$StoreDispatchListener
com.google.tagmanager.PersistentHitStore$UrlDatabaseHelper
com.google.tagmanager.PlatformMacro
com.google.tagmanager.Predicate
com.google.tagmanager.PreviewActivity
com.google.tagmanager.PreviewManager
com.google.tagmanager.PreviewManager$PreviewMode
com.google.tagmanager.ProtoExtensionRegistry